<?xml version="1.0" encoding="UTF-8"?>
<!-- Generated by org.testng.reporters.JUnitReportReporter -->
<testsuite hostname="Bharathi" failures="0" tests="1" name="testScripts.DataPassedTestingToExcel" time="0.962" errors="0" timestamp="2025-06-19T11:20:15 IST" skipped="0">
  <testcase classname="testScripts.DataPassedTestingToExcel" name="setDataToExcelTest" time="0.962"/>
  <system-out/>
</testsuite> <!-- testScripts.DataPassedTestingToExcel -->
