<?xml version="1.0" encoding="UTF-8"?>
<!-- Generated by org.testng.reporters.JUnitReportReporter -->
<testsuite hostname="Bharathi" failures="0" tests="1" name="testScripts.LoginTest" time="5.464" errors="0" timestamp="2025-05-02T20:15:11 IST" skipped="0">
  <testcase classname="testScripts.LoginTest" name="LoginTest" time="5.464"/>
  <system-out>
    <![CDATA[Actual and current uRL are matched]]>
  </system-out>
</testsuite> <!-- testScripts.LoginTest -->
